# JRE version: Java(TM) SE Runtime Environment (8.0_181-b13) (build 1.8.0_181-b13)
# Java VM: Java HotSpot(TM) 64-Bit Server VM (25.181-b13 mixed mode linux-amd64 compressed oops)
Heap:
 PSYoungGen      total 677888K, used 0K [0x0000000781f00000, 0x00000007c0000000, 0x00000007c0000000)
  eden space 338944K, 0% used [0x0000000781f00000,0x0000000781f00000,0x0000000796a00000)
  from space 338944K, 0% used [0x0000000796a00000,0x0000000796a00000,0x00000007ab500000)
  to   space 338944K, 0% used [0x00000007ab500000,0x00000007ab500000,0x00000007c0000000)
 ParOldGen       total 1339904K, used 1292703K [0x0000000705c00000, 0x0000000757880000, 0x0000000781f00000)
  object space 1339904K, 96% used [0x0000000705c00000,0x0000000754a67c38,0x0000000757880000)
 Metaspace       used 40415K, capacity 42776K, committed 42920K, reserved 1087488K
  class space    used 5154K, capacity 5547K, committed 5552K, reserved 1048576K
GC Heap History (10 events):
Event: 564.496 GC heap after
Heap after GC invocations=57 (full 6):
 PSYoungGen      total 664576K, used 152351K [0x0000000781f00000, 0x00000007c0000000, 0x00000007c0000000)
  eden space 325632K, 0% used [0x0000000781f00000,0x0000000781f00000,0x0000000795d00000)
  from space 338944K, 44% used [0x0000000795d00000,0x000000079f1c7d30,0x00000007aa800000)
  to   space 338944K, 0% used [0x00000007ab500000,0x00000007ab500000,0x00000007c0000000)
 ParOldGen       total 1339904K, used 942105K [0x0000000705c00000, 0x0000000757880000, 0x0000000781f00000)
  object space 1339904K, 70% used [0x0000000705c00000,0x000000073f406690,0x0000000757880000)
 Metaspace       used 40408K, capacity 42776K, committed 42920K, reserved 1087488K
  class space    used 5154K, capacity 5547K, committed 5552K, reserved 1048576K
}
Event: 577.323 GC heap before
{Heap before GC invocations=58 (full 6):
 PSYoungGen      total 664576K, used 477983K [0x0000000781f00000, 0x00000007c0000000, 0x00000007c0000000)
  eden space 325632K, 100% used [0x0000000781f00000,0x0000000795d00000,0x0000000795d00000)
  from space 338944K, 44% used [0x0000000795d00000,0x000000079f1c7d30,0x00000007aa800000)
  to   space 338944K, 0% used [0x00000007ab500000,0x00000007ab500000,0x00000007c0000000)
 ParOldGen       total 1339904K, used 942105K [0x0000000705c00000, 0x0000000757880000, 0x0000000781f00000)
  object space 1339904K, 70% used [0x0000000705c00000,0x000000073f406690,0x0000000757880000)
 Metaspace       used 40414K, capacity 42776K, committed 42920K, reserved 1087488K
  class space    used 5154K, capacity 5547K, committed 5552K, reserved 1048576K
Event: 577.542 GC heap after
Heap after GC invocations=58 (full 6):
 PSYoungGen      total 677888K, used 159570K [0x0000000781f00000, 0x00000007c0000000, 0x00000007c0000000)
  eden space 338944K, 0% used [0x0000000781f00000,0x0000000781f00000,0x0000000796a00000)
  from space 338944K, 47% used [0x00000007ab500000,0x00000007b50d4940,0x00000007c0000000)
  to   space 338944K, 0% used [0x0000000796a00000,0x0000000796a00000,0x00000007ab500000)
 ParOldGen       total 1339904K, used 983923K [0x0000000705c00000, 0x0000000757880000, 0x0000000781f00000)
  object space 1339904K, 73% used [0x0000000705c00000,0x0000000741cdcdd8,0x0000000757880000)
 Metaspace       used 40414K, capacity 42776K, committed 42920K, reserved 1087488K
  class space    used 5154K, capacity 5547K, committed 5552K, reserved 1048576K
}
Event: 590.020 GC heap before
{Heap before GC invocations=59 (full 6):
 PSYoungGen      total 677888K, used 497273K [0x0000000781f00000, 0x00000007c0000000, 0x00000007c0000000)
  eden space 338944K, 99% used [0x0000000781f00000,0x00000007968c9b20,0x0000000796a00000)
  from space 338944K, 47% used [0x00000007ab500000,0x00000007b50d4940,0x00000007c0000000)
  to   space 338944K, 0% used [0x0000000796a00000,0x0000000796a00000,0x00000007ab500000)
 ParOldGen       total 1339904K, used 983923K [0x0000000705c00000, 0x0000000757880000, 0x0000000781f00000)
  object space 1339904K, 73% used [0x0000000705c00000,0x0000000741cdcdd8,0x0000000757880000)
 Metaspace       used 40414K, capacity 42776K, committed 42920K, reserved 1087488K
  class space    used 5154K, capacity 5547K, committed 5552K, reserved 1048576K
Event: 590.151 GC heap after
Heap after GC invocations=59 (full 6):
 PSYoungGen      total 677888K, used 125741K [0x0000000781f00000, 0x00000007c0000000, 0x00000007c0000000)
  eden space 338944K, 0% used [0x0000000781f00000,0x0000000781f00000,0x0000000796a00000)
  from space 338944K, 37% used [0x0000000796a00000,0x000000079e4cb5d8,0x00000007ab500000)
  to   space 338944K, 0% used [0x00000007ab500000,0x00000007ab500000,0x00000007c0000000)
 ParOldGen       total 1339904K, used 1068989K [0x0000000705c00000, 0x0000000757880000, 0x0000000781f00000)
  object space 1339904K, 79% used [0x0000000705c00000,0x0000000746fef758,0x0000000757880000)
 Metaspace       used 40414K, capacity 42776K, committed 42920K, reserved 1087488K
  class space    used 5154K, capacity 5547K, committed 5552K, reserved 1048576K
}
Event: 603.175 GC heap before
{Heap before GC invocations=60 (full 6):
 PSYoungGen      total 677888K, used 463429K [0x0000000781f00000, 0x00000007c0000000, 0x00000007c0000000)
  eden space 338944K, 99% used [0x0000000781f00000,0x00000007968c6218,0x0000000796a00000)
  from space 338944K, 37% used [0x0000000796a00000,0x000000079e4cb5d8,0x00000007ab500000)
  to   space 338944K, 0% used [0x00000007ab500000,0x00000007ab500000,0x00000007c0000000)
 ParOldGen       total 1339904K, used 1068989K [0x0000000705c00000, 0x0000000757880000, 0x0000000781f00000)
  object space 1339904K, 79% used [0x0000000705c00000,0x0000000746fef758,0x0000000757880000)
 Metaspace       used 40415K, capacity 42776K, committed 42920K, reserved 1087488K
  class space    used 5154K, capacity 5547K, committed 5552K, reserved 1048576K
Event: 603.721 GC heap after
Heap after GC invocations=60 (full 6):
 PSYoungGen      total 677888K, used 105652K [0x0000000781f00000, 0x00000007c0000000, 0x00000007c0000000)
  eden space 338944K, 0% used [0x0000000781f00000,0x0000000781f00000,0x0000000796a00000)
  from space 338944K, 31% used [0x00000007ab500000,0x00000007b1c2d390,0x00000007c0000000)
  to   space 338944K, 0% used [0x0000000796a00000,0x0000000796a00000,0x00000007ab500000)
 ParOldGen       total 1339904K, used 1139056K [0x0000000705c00000, 0x0000000757880000, 0x0000000781f00000)
  object space 1339904K, 85% used [0x0000000705c00000,0x000000074b45c360,0x0000000757880000)
 Metaspace       used 40415K, capacity 42776K, committed 42920K, reserved 1087488K
  class space    used 5154K, capacity 5547K, committed 5552K, reserved 1048576K
}
Event: 615.361 GC heap before
{Heap before GC invocations=61 (full 6):
 PSYoungGen      total 677888K, used 444596K [0x0000000781f00000, 0x00000007c0000000, 0x00000007c0000000)
  eden space 338944K, 100% used [0x0000000781f00000,0x0000000796a00000,0x0000000796a00000)
  from space 338944K, 31% used [0x00000007ab500000,0x00000007b1c2d390,0x00000007c0000000)
  to   space 338944K, 0% used [0x0000000796a00000,0x0000000796a00000,0x00000007ab500000)
 ParOldGen       total 1339904K, used 1139056K [0x0000000705c00000, 0x0000000757880000, 0x0000000781f00000)
  object space 1339904K, 85% used [0x0000000705c00000,0x000000074b45c360,0x0000000757880000)
 Metaspace       used 40415K, capacity 42776K, committed 42920K, reserved 1087488K
  class space    used 5154K, capacity 5547K, committed 5552K, reserved 1048576K
Event: 615.660 GC heap after
Heap after GC invocations=61 (full 6):
 PSYoungGen      total 677888K, used 57568K [0x0000000781f00000, 0x00000007c0000000, 0x00000007c0000000)
  eden space 338944K, 0% used [0x0000000781f00000,0x0000000781f00000,0x0000000796a00000)
  from space 338944K, 16% used [0x0000000796a00000,0x000000079a2383d8,0x00000007ab500000)
  to   space 338944K, 0% used [0x00000007ab500000,0x00000007ab500000,0x00000007c0000000)
 ParOldGen       total 1339904K, used 1237989K [0x0000000705c00000, 0x0000000757880000, 0x0000000781f00000)
  object space 1339904K, 92% used [0x0000000705c00000,0x00000007514f9560,0x0000000757880000)
 Metaspace       used 40415K, capacity 42776K, committed 42920K, reserved 1087488K
  class space    used 5154K, capacity 5547K, committed 5552K, reserved 1048576K
}
Event: 615.660 GC heap before
{Heap before GC invocations=62 (full 7):
 PSYoungGen      total 677888K, used 57568K [0x0000000781f00000, 0x00000007c0000000, 0x00000007c0000000)
  eden space 338944K, 0% used [0x0000000781f00000,0x0000000781f00000,0x0000000796a00000)
  from space 338944K, 16% used [0x0000000796a00000,0x000000079a2383d8,0x00000007ab500000)
  to   space 338944K, 0% used [0x00000007ab500000,0x00000007ab500000,0x00000007c0000000)
 ParOldGen       total 1339904K, used 1237989K [0x0000000705c00000, 0x0000000757880000, 0x0000000781f00000)
  object space 1339904K, 92% used [0x0000000705c00000,0x00000007514f9560,0x0000000757880000)
 Metaspace       used 40415K, capacity 42776K, committed 42920K, reserved 1087488K
  class space    used 5154K, capacity 5547K, committed 5552K, reserved 1048576K

