# JRE version: Java(TM) SE Runtime Environment (8.0_181-b13) (build 1.8.0_181-b13)
# Java VM: Java HotSpot(TM) 64-Bit Server VM (25.181-b13 mixed mode linux-amd64 compressed oops)
Heap:
 PSYoungGen      total 724480K, used 51571K [0x0000000781f00000, 0x00000007c0000000, 0x00000007c0000000)
  eden space 573440K, 0% used [0x0000000781f00000,0x0000000781f00000,0x00000007a4f00000)
  from space 151040K, 34% used [0x00000007a4f00000,0x00000007a815cf58,0x00000007ae280000)
  to   space 225792K, 0% used [0x00000007b2380000,0x00000007b2380000,0x00000007c0000000)
 ParOldGen       total 1348096K, used 1347956K [0x0000000705c00000, 0x0000000758080000, 0x0000000781f00000)
  object space 1348096K, 99% used [0x0000000705c00000,0x000000075805d3b8,0x0000000758080000)
 Metaspace       used 42309K, capacity 44810K, committed 44968K, reserved 1089536K
  class space    used 5306K, capacity 5733K, committed 5808K, reserved 1048576K
GC Heap History (10 events):
Event: 1155.732 GC heap after
Heap after GC invocations=38 (full 6):
 PSYoungGen      total 762880K, used 115087K [0x0000000781f00000, 0x00000007bd880000, 0x00000007c0000000)
  eden space 546304K, 0% used [0x0000000781f00000,0x0000000781f00000,0x00000007a3480000)
  from space 216576K, 53% used [0x00000007b0500000,0x00000007b7563de8,0x00000007bd880000)
  to   space 213504K, 0% used [0x00000007a3480000,0x00000007a3480000,0x00000007b0500000)
 ParOldGen       total 964608K, used 859351K [0x0000000705c00000, 0x0000000740a00000, 0x0000000781f00000)
  object space 964608K, 89% used [0x0000000705c00000,0x000000073a335fa0,0x0000000740a00000)
 Metaspace       used 42300K, capacity 44810K, committed 44968K, reserved 1089536K
  class space    used 5305K, capacity 5733K, committed 5808K, reserved 1048576K
}
Event: 1155.732 GC heap before
{Heap before GC invocations=39 (full 7):
 PSYoungGen      total 762880K, used 115087K [0x0000000781f00000, 0x00000007bd880000, 0x00000007c0000000)
  eden space 546304K, 0% used [0x0000000781f00000,0x0000000781f00000,0x00000007a3480000)
  from space 216576K, 53% used [0x00000007b0500000,0x00000007b7563de8,0x00000007bd880000)
  to   space 213504K, 0% used [0x00000007a3480000,0x00000007a3480000,0x00000007b0500000)
 ParOldGen       total 964608K, used 859351K [0x0000000705c00000, 0x0000000740a00000, 0x0000000781f00000)
  object space 964608K, 89% used [0x0000000705c00000,0x000000073a335fa0,0x0000000740a00000)
 Metaspace       used 42300K, capacity 44810K, committed 44968K, reserved 1089536K
  class space    used 5305K, capacity 5733K, committed 5808K, reserved 1048576K
Event: 1159.644 GC heap after
Heap after GC invocations=39 (full 7):
 PSYoungGen      total 762880K, used 5444K [0x0000000781f00000, 0x00000007bd880000, 0x00000007c0000000)
  eden space 546304K, 0% used [0x0000000781f00000,0x0000000781f00000,0x00000007a3480000)
  from space 216576K, 2% used [0x00000007b0500000,0x00000007b0a511d8,0x00000007bd880000)
  to   space 213504K, 0% used [0x00000007a3480000,0x00000007a3480000,0x00000007b0500000)
 ParOldGen       total 1348096K, used 964359K [0x0000000705c00000, 0x0000000758080000, 0x0000000781f00000)
  object space 1348096K, 71% used [0x0000000705c00000,0x00000007409c1d98,0x0000000758080000)
 Metaspace       used 42300K, capacity 44810K, committed 44968K, reserved 1089536K
  class space    used 5305K, capacity 5733K, committed 5808K, reserved 1048576K
}
Event: 1174.200 GC heap before
{Heap before GC invocations=40 (full 7):
 PSYoungGen      total 762880K, used 551748K [0x0000000781f00000, 0x00000007bd880000, 0x00000007c0000000)
  eden space 546304K, 100% used [0x0000000781f00000,0x00000007a3480000,0x00000007a3480000)
  from space 216576K, 2% used [0x00000007b0500000,0x00000007b0a511d8,0x00000007bd880000)
  to   space 213504K, 0% used [0x00000007a3480000,0x00000007a3480000,0x00000007b0500000)
 ParOldGen       total 1348096K, used 964359K [0x0000000705c00000, 0x0000000758080000, 0x0000000781f00000)
  object space 1348096K, 71% used [0x0000000705c00000,0x00000007409c1d98,0x0000000758080000)
 Metaspace       used 42301K, capacity 44810K, committed 44968K, reserved 1089536K
  class space    used 5305K, capacity 5733K, committed 5808K, reserved 1048576K
Event: 1174.643 GC heap after
Heap after GC invocations=40 (full 7):
 PSYoungGen      total 759808K, used 144411K [0x0000000781f00000, 0x00000007c0000000, 0x00000007c0000000)
  eden space 546304K, 0% used [0x0000000781f00000,0x0000000781f00000,0x00000007a3480000)
  from space 213504K, 67% used [0x00000007a3480000,0x00000007ac186f80,0x00000007b0500000)
  to   space 218624K, 0% used [0x00000007b2a80000,0x00000007b2a80000,0x00000007c0000000)
 ParOldGen       total 1348096K, used 968332K [0x0000000705c00000, 0x0000000758080000, 0x0000000781f00000)
  object space 1348096K, 71% used [0x0000000705c00000,0x0000000740da30f0,0x0000000758080000)
 Metaspace       used 42301K, capacity 44810K, committed 44968K, reserved 1089536K
  class space    used 5305K, capacity 5733K, committed 5808K, reserved 1048576K
}
Event: 1185.383 GC heap before
{Heap before GC invocations=41 (full 7):
 PSYoungGen      total 759808K, used 690715K [0x0000000781f00000, 0x00000007c0000000, 0x00000007c0000000)
  eden space 546304K, 100% used [0x0000000781f00000,0x00000007a3480000,0x00000007a3480000)
  from space 213504K, 67% used [0x00000007a3480000,0x00000007ac186f80,0x00000007b0500000)
  to   space 218624K, 0% used [0x00000007b2a80000,0x00000007b2a80000,0x00000007c0000000)
 ParOldGen       total 1348096K, used 968332K [0x0000000705c00000, 0x0000000758080000, 0x0000000781f00000)
  object space 1348096K, 71% used [0x0000000705c00000,0x0000000740da30f0,0x0000000758080000)
 Metaspace       used 42308K, capacity 44810K, committed 44968K, reserved 1089536K
  class space    used 5305K, capacity 5733K, committed 5808K, reserved 1048576K
Event: 1188.350 GC heap after
Heap after GC invocations=41 (full 7):
 PSYoungGen      total 792064K, used 145290K [0x0000000781f00000, 0x00000007c0000000, 0x00000007c0000000)
  eden space 573440K, 0% used [0x0000000781f00000,0x0000000781f00000,0x00000007a4f00000)
  from space 218624K, 66% used [0x00000007b2a80000,0x00000007bb862a80,0x00000007c0000000)
  to   space 221696K, 0% used [0x00000007a4f00000,0x00000007a4f00000,0x00000007b2780000)
 ParOldGen       total 1348096K, used 1110141K [0x0000000705c00000, 0x0000000758080000, 0x0000000781f00000)
  object space 1348096K, 82% used [0x0000000705c00000,0x000000074981f668,0x0000000758080000)
 Metaspace       used 42308K, capacity 44810K, committed 44968K, reserved 1089536K
  class space    used 5305K, capacity 5733K, committed 5808K, reserved 1048576K
}
Event: 1200.880 GC heap before
{Heap before GC invocations=42 (full 7):
 PSYoungGen      total 792064K, used 718730K [0x0000000781f00000, 0x00000007c0000000, 0x00000007c0000000)
  eden space 573440K, 100% used [0x0000000781f00000,0x00000007a4f00000,0x00000007a4f00000)
  from space 218624K, 66% used [0x00000007b2a80000,0x00000007bb862a80,0x00000007c0000000)
  to   space 221696K, 0% used [0x00000007a4f00000,0x00000007a4f00000,0x00000007b2780000)
 ParOldGen       total 1348096K, used 1110141K [0x0000000705c00000, 0x0000000758080000, 0x0000000781f00000)
  object space 1348096K, 82% used [0x0000000705c00000,0x000000074981f668,0x0000000758080000)
 Metaspace       used 42309K, capacity 44810K, committed 44968K, reserved 1089536K
  class space    used 5306K, capacity 5733K, committed 5808K, reserved 1048576K
Event: 1201.272 GC heap after
Heap after GC invocations=42 (full 7):
 PSYoungGen      total 724480K, used 150743K [0x0000000781f00000, 0x00000007c0000000, 0x00000007c0000000)
  eden space 573440K, 0% used [0x0000000781f00000,0x0000000781f00000,0x00000007a4f00000)
  from space 151040K, 99% used [0x00000007a4f00000,0x00000007ae235fd8,0x00000007ae280000)
  to   space 225792K, 0% used [0x00000007b2380000,0x00000007b2380000,0x00000007c0000000)
 ParOldGen       total 1348096K, used 1253731K [0x0000000705c00000, 0x0000000758080000, 0x0000000781f00000)
  object space 1348096K, 93% used [0x0000000705c00000,0x0000000752458f20,0x0000000758080000)
 Metaspace       used 42309K, capacity 44810K, committed 44968K, reserved 1089536K
  class space    used 5306K, capacity 5733K, committed 5808K, reserved 1048576K
}
Event: 1201.272 GC heap before
{Heap before GC invocations=43 (full 8):
 PSYoungGen      total 724480K, used 150743K [0x0000000781f00000, 0x00000007c0000000, 0x00000007c0000000)
  eden space 573440K, 0% used [0x0000000781f00000,0x0000000781f00000,0x00000007a4f00000)
  from space 151040K, 99% used [0x00000007a4f00000,0x00000007ae235fd8,0x00000007ae280000)
  to   space 225792K, 0% used [0x00000007b2380000,0x00000007b2380000,0x00000007c0000000)
 ParOldGen       total 1348096K, used 1253731K [0x0000000705c00000, 0x0000000758080000, 0x0000000781f00000)
  object space 1348096K, 93% used [0x0000000705c00000,0x0000000752458f20,0x0000000758080000)
 Metaspace       used 42309K, capacity 44810K, committed 44968K, reserved 1089536K
  class space    used 5306K, capacity 5733K, committed 5808K, reserved 1048576K

